<?xml version="1.0" encoding="UTF-8"?>
<!-- Generated by org.testng.reporters.JUnitReportReporter -->
<testsuite hostname="INBOOK_Y2_PLUS" failures="0" tests="3" name="ParallelTesting.MultipleSession" time="64.302" errors="0" timestamp="2024-07-13T09:36:26 IST" skipped="0">
  <testcase classname="ParallelTesting.MultipleSession" name="executeSessionOne" time="10.370"/>
  <system-out/>
  <testcase classname="ParallelTesting.MultipleSession" name="executeSessionTwo" time="8.937"/>
  <system-out/>
  <testcase classname="ParallelTesting.MultipleSession" name="executeSessionThree" time="44.995"/>
  <system-out/>
</testsuite> <!-- ParallelTesting.MultipleSession -->
